2025-03-25 17:17:14,125 - INFO - 初始化基础版LWR模型
2025-03-25 17:17:14,125 - INFO - 基本图类型: greenshield
2025-03-25 17:17:14,125 - INFO - 核心参数: 自由流速度=110.0km/h, 临界密度=30.0veh/km/lane, 阻塞密度=90.0veh/km/lane
2025-03-25 17:17:14,125 - INFO - 整体指标聚合方式: 按时间窗口
2025-03-25 17:17:14,125 - INFO - 加载路段数据: ./ETC_data_example/roadETC.csv
2025-03-25 17:17:14,140 - INFO - 成功加载 4 条路段数据
2025-03-25 17:17:14,140 - INFO - 加载流量数据: ./ETC_data_example/flow
2025-03-25 17:17:14,245 - INFO - 成功加载 5 个门架的流量数据
2025-03-25 17:17:14,245 - INFO - 准备了 4 个路段信息
2025-03-25 17:17:14,245 - INFO - LWR模型初始化完成
2025-03-25 17:17:14,245 - INFO - 开始基础版LWR模型验证...
2025-03-25 17:17:14,245 - INFO - 验证路段 1: G001 -> G002
2025-03-25 17:17:15,836 - INFO - 验证路段 2: G002 -> G003
2025-03-25 17:17:17,322 - INFO - 验证路段 3: G003 -> G004
2025-03-25 17:17:21,072 - INFO - 验证路段 4: G004 -> G005
2025-03-25 17:17:26,799 - INFO - 验证结果已保存至: ./lwr_results\validation_results_basic.csv
2025-03-25 17:17:26,799 - INFO - 计算基础版LWR模型性能指标:
2025-03-25 17:17:26,799 - INFO - 
按预测时间分组的性能指标:
2025-03-25 17:17:26,809 - INFO - 5分钟预测: 样本数=1188, MAE=1.89, RMSE=3.99, MAPE=101.17%, R^2=0.8576
2025-03-25 17:17:26,809 - INFO - 10分钟预测: 样本数=1188, MAE=1.67, RMSE=3.64, MAPE=70.77%, R^2=0.8680
2025-03-25 17:17:26,813 - INFO - 15分钟预测: 样本数=1188, MAE=1.61, RMSE=3.69, MAPE=66.90%, R^2=0.8658
2025-03-25 17:17:26,813 - INFO - 
按路段类型分组的性能指标:
2025-03-25 17:17:26,816 - INFO - 路段类型3: 样本数=882, MAE=2.18, RMSE=4.28, MAPE=111.42%, R^2=0.8718
2025-03-25 17:17:26,816 - INFO - 路段类型4: 样本数=2682, MAE=1.57, RMSE=3.60, MAPE=69.05%, R^2=0.8591
2025-03-25 17:17:26,816 - INFO - 
按车型分组的性能指标:
2025-03-25 17:17:26,820 - INFO - 车型B1: 样本数=594, MAE=5.83, RMSE=8.37, MAPE=68.96%, R^2=0.8038
2025-03-25 17:17:26,822 - INFO - 车型B2: 样本数=594, MAE=0.07, RMSE=0.28, MAPE=95.00%, R^2=-1.3462
2025-03-25 17:17:26,823 - INFO - 车型B3: 样本数=594, MAE=0.13, RMSE=0.40, MAPE=76.93%, R^2=-0.3599
2025-03-25 17:17:26,823 - INFO - 车型T1: 样本数=594, MAE=1.46, RMSE=2.14, MAPE=90.24%, R^2=-0.4399
2025-03-25 17:17:26,827 - INFO - 车型T2: 样本数=594, MAE=1.96, RMSE=2.83, MAPE=85.23%, R^2=-0.4706
2025-03-25 17:17:26,829 - INFO - 车型T3: 样本数=594, MAE=0.89, RMSE=1.64, MAPE=75.02%, R^2=-1.2892
2025-03-25 17:17:26,830 - INFO - 
整体性能指标(按时间窗口平均):
2025-03-25 17:17:26,830 - INFO - 样本数=3564, MAE=1.723, RMSE=3.774, MAPE=79.61%, R^2=0.8638
